com.bambulab.BambuStudio
com.bitwarden.desktop
com.calibre_ebook.calibre
com.discordapp.Discord
com.github.IsmaelMartinez.teams_for_linux
com.github.tchx84.Flatseal
com.nextcloud.desktopclient.nextcloud
com.orcaslicer.OrcaSlicer
com.transmissionbt.Transmission
com.valvesoftware.Steam
dev.goats.xivlauncher
io.dbeaver.DBeaverCommunity
io.github.ilya_zlobintsev.LACT
io.github.randovania.Randovania
io.github.ryubing.Ryujinx
io.github.shiiion.primehack
io.github.ungoogled_software.ungoogled_chromium
io.gitlab.librewolf-community
io.missioncenter.MissionCenter
io.mpv.Mpv
net.pcsx2.PCSX2
org.audacityteam.Audacity
org.DolphinEmu.dolphin-emu
org.filezillaproject.Filezilla
org.fooyin.fooyin
org.gimp.GIMP
org.gnome.meld
org.jellyfin.JellyfinDesktop
org.kde.elisa
org.kde.krita
org.kde.okular
org.kde.skanpage
org.libreoffice.LibreOffice
org.libretro.RetroArch
org.mamedev.MAME
org.musicbrainz.Picard
